#! /usr/local/Cellar/icarus-verilog/12.0/bin/vvp
:ivl_version "12.0 (stable)";
:ivl_delay_selection "TYPICAL";
:vpi_time_precision + 0;
:vpi_module "/usr/local/Cellar/icarus-verilog/12.0/lib/ivl/system.vpi";
:vpi_module "/usr/local/Cellar/icarus-verilog/12.0/lib/ivl/vhdl_sys.vpi";
:vpi_module "/usr/local/Cellar/icarus-verilog/12.0/lib/ivl/vhdl_textio.vpi";
:vpi_module "/usr/local/Cellar/icarus-verilog/12.0/lib/ivl/v2005_math.vpi";
:vpi_module "/usr/local/Cellar/icarus-verilog/12.0/lib/ivl/va_math.vpi";
S_0x7f8fe2f1e8c0 .scope module, "fifo_top" "fifo_top" 2 2;
 .timescale 0 0;
    .port_info 0 /INPUT 8 "write_data";
    .port_info 1 /INPUT 1 "write_enable";
    .port_info 2 /INPUT 1 "write_clk";
    .port_info 3 /INPUT 1 "write_reset";
    .port_info 4 /INPUT 1 "read_enable";
    .port_info 5 /INPUT 1 "read_clk";
    .port_info 6 /INPUT 1 "read_reset";
    .port_info 7 /OUTPUT 8 "read_data";
    .port_info 8 /OUTPUT 1 "empty";
    .port_info 9 /OUTPUT 1 "full";
P_0x7f8fe2f15030 .param/l "Addresswidth" 0 2 4, +C4<00000000000000000000000000000011>;
P_0x7f8fe2f15070 .param/l "Datawidth" 0 2 3, +C4<00000000000000000000000000001000>;
P_0x7f8fe2f150b0 .param/l "depth" 1 2 19, +C4<00000000000000000000000000000001000>;
v0x7f8fe2f343d0_0 .net "empty", 0 0, v0x7f8fe2f32d40_0;  1 drivers
v0x7f8fe2f34490_0 .net "full", 0 0, v0x7f8fe2f2fd60_0;  1 drivers
v0x7f8fe2f34520_0 .net "read_address", 2 0, L_0x7f8fe2f362a0;  1 drivers
o0x7f8fd8008908 .functor BUFZ 1, C4<z>; HiZ drive
v0x7f8fe2f345f0_0 .net "read_clk", 0 0, o0x7f8fd8008908;  0 drivers
v0x7f8fe2f34680_0 .net "read_data", 7 0, L_0x7f8fe2f369b0;  1 drivers
o0x7f8fd8008ff8 .functor BUFZ 1, C4<z>; HiZ drive
v0x7f8fe2f34750_0 .net "read_enable", 0 0, o0x7f8fd8008ff8;  0 drivers
v0x7f8fe2f34820_0 .net "read_ptr_grey", 3 0, L_0x7f8fe2f36580;  1 drivers
v0x7f8fe2f34930_0 .net "read_ptr_grey_sync", 3 0, L_0x7f8fe2f35100;  1 drivers
o0x7f8fd8008998 .functor BUFZ 1, C4<z>; HiZ drive
v0x7f8fe2f349c0_0 .net "read_reset", 0 0, o0x7f8fd8008998;  0 drivers
v0x7f8fe2f34b50_0 .net "write_address", 2 0, L_0x7f8fe2f355d0;  1 drivers
o0x7f8fd8008008 .functor BUFZ 1, C4<z>; HiZ drive
v0x7f8fe2f34be0_0 .net "write_clk", 0 0, o0x7f8fd8008008;  0 drivers
o0x7f8fd8009208 .functor BUFZ 8, C4<zzzzzzzz>; HiZ drive
v0x7f8fe2f34c70_0 .net "write_data", 7 0, o0x7f8fd8009208;  0 drivers
o0x7f8fd8008758 .functor BUFZ 1, C4<z>; HiZ drive
v0x7f8fe2f34d00_0 .net "write_enable", 0 0, o0x7f8fd8008758;  0 drivers
v0x7f8fe2f34d90_0 .net "write_ptr_grey", 3 0, L_0x7f8fe2f35870;  1 drivers
v0x7f8fe2f34ea0_0 .net "write_ptr_grey_sync", 3 0, L_0x7f8fe2f35dd0;  1 drivers
o0x7f8fd80080c8 .functor BUFZ 1, C4<z>; HiZ drive
v0x7f8fe2f34f30_0 .net "write_reset", 0 0, o0x7f8fd80080c8;  0 drivers
S_0x7f8fe2f1d920 .scope module, "I1" "read_ptr_sync" 2 28, 2 92 0, S_0x7f8fe2f1e8c0;
 .timescale 0 0;
    .port_info 0 /INPUT 4 "read_ptr_grey";
    .port_info 1 /INPUT 1 "write_clk";
    .port_info 2 /INPUT 1 "write_reset";
    .port_info 3 /OUTPUT 4 "read_ptr_grey_sync";
P_0x7f8fe2f1e370 .param/l "Addresswidth" 0 2 93, +C4<00000000000000000000000000000011>;
v0x7f8fe2f2e670_0 .net "read_ptr_grey", 3 0, L_0x7f8fe2f36580;  alias, 1 drivers
v0x7f8fe2f2e720_0 .net "read_ptr_grey_sync", 3 0, L_0x7f8fe2f35100;  alias, 1 drivers
v0x7f8fe2f2e7d0_0 .net "t1", 3 0, L_0x7f8fe2f35090;  1 drivers
v0x7f8fe2f2e8c0_0 .net "write_clk", 0 0, o0x7f8fd8008008;  alias, 0 drivers
v0x7f8fe2f2e990_0 .net "write_reset", 0 0, o0x7f8fd80080c8;  alias, 0 drivers
S_0x7f8fe2f19f90 .scope module, "S1" "D_ff" 2 105, 2 122 0, S_0x7f8fe2f1d920;
 .timescale 0 0;
    .port_info 0 /INPUT 1 "clk";
    .port_info 1 /INPUT 1 "reset";
    .port_info 2 /INPUT 4 "d";
    .port_info 3 /OUTPUT 4 "q";
P_0x7f8fe2f14f30 .param/l "Addresswidth" 0 2 123, +C4<00000000000000000000000000000011>;
L_0x7f8fe2f35090 .functor BUFZ 4, v0x7f8fe2f2de30_0, C4<0000>, C4<0000>, C4<0000>;
v0x7f8fe2f1e550_0 .net "clk", 0 0, o0x7f8fd8008008;  alias, 0 drivers
v0x7f8fe2f2dd00_0 .net "d", 3 0, L_0x7f8fe2f36580;  alias, 1 drivers
v0x7f8fe2f2dda0_0 .net "q", 3 0, L_0x7f8fe2f35090;  alias, 1 drivers
v0x7f8fe2f2de30_0 .var "q_reg", 3 0;
v0x7f8fe2f2dec0_0 .net "reset", 0 0, o0x7f8fd80080c8;  alias, 0 drivers
E_0x7f8fe2f1e470 .event posedge, v0x7f8fe2f2dec0_0, v0x7f8fe2f1e550_0;
S_0x7f8fe2f2dfc0 .scope module, "S2" "D_ff" 2 112, 2 122 0, S_0x7f8fe2f1d920;
 .timescale 0 0;
    .port_info 0 /INPUT 1 "clk";
    .port_info 1 /INPUT 1 "reset";
    .port_info 2 /INPUT 4 "d";
    .port_info 3 /OUTPUT 4 "q";
P_0x7f8fe2f2e190 .param/l "Addresswidth" 0 2 123, +C4<00000000000000000000000000000011>;
L_0x7f8fe2f35100 .functor BUFZ 4, v0x7f8fe2f2e4e0_0, C4<0000>, C4<0000>, C4<0000>;
v0x7f8fe2f2e310_0 .net "clk", 0 0, o0x7f8fd8008008;  alias, 0 drivers
v0x7f8fe2f2e3c0_0 .net "d", 3 0, L_0x7f8fe2f35090;  alias, 1 drivers
v0x7f8fe2f2e450_0 .net "q", 3 0, L_0x7f8fe2f35100;  alias, 1 drivers
v0x7f8fe2f2e4e0_0 .var "q_reg", 3 0;
v0x7f8fe2f2e570_0 .net "reset", 0 0, o0x7f8fd80080c8;  alias, 0 drivers
S_0x7f8fe2f2eaa0 .scope module, "I2" "fifo_write_domain" 2 38, 2 148 0, S_0x7f8fe2f1e8c0;
 .timescale 0 0;
    .port_info 0 /INPUT 1 "write_clk";
    .port_info 1 /INPUT 1 "write_reset";
    .port_info 2 /INPUT 4 "read_ptr_grey_sync";
    .port_info 3 /INPUT 1 "write_enable";
    .port_info 4 /OUTPUT 3 "write_address";
    .port_info 5 /OUTPUT 4 "write_ptr_grey";
    .port_info 6 /OUTPUT 1 "full";
P_0x7f8fe2f2ec60 .param/l "Addresswidth" 0 2 149, +C4<00000000000000000000000000000011>;
L_0x7f8fe2f351f0 .functor NOT 1, v0x7f8fe2f2fd60_0, C4<0>, C4<0>, C4<0>;
L_0x7f8fe2f35260 .functor AND 1, o0x7f8fd8008758, L_0x7f8fe2f351f0, C4<1>, C4<1>;
v0x7f8fe2f2fac0_0 .net *"_ivl_0", 0 0, L_0x7f8fe2f351f0;  1 drivers
v0x7f8fe2f2fb50_0 .net *"_ivl_4", 3 0, L_0x7f8fe2f35310;  1 drivers
L_0x7f8fd8040008 .functor BUFT 1, C4<000>, C4<0>, C4<0>, C4<0>;
v0x7f8fe2f2fc00_0 .net *"_ivl_7", 2 0, L_0x7f8fd8040008;  1 drivers
v0x7f8fe2f2fcc0_0 .net "full", 0 0, v0x7f8fe2f2fd60_0;  alias, 1 drivers
v0x7f8fe2f2fd60_0 .var "full_reg", 0 0;
v0x7f8fe2f2fe40_0 .net "read_ptr_grey_sync", 3 0, L_0x7f8fe2f35100;  alias, 1 drivers
v0x7f8fe2f2ff20_0 .net "write_address", 2 0, L_0x7f8fe2f355d0;  alias, 1 drivers
v0x7f8fe2f2ffb0_0 .net "write_clk", 0 0, o0x7f8fd8008008;  alias, 0 drivers
v0x7f8fe2f30040_0 .net "write_enable", 0 0, o0x7f8fd8008758;  alias, 0 drivers
v0x7f8fe2f30150_0 .net "write_inc", 0 0, L_0x7f8fe2f35260;  1 drivers
v0x7f8fe2f301e0_0 .var "write_ptr", 3 0;
v0x7f8fe2f302a0_0 .net "write_ptr_grey", 3 0, L_0x7f8fe2f35870;  alias, 1 drivers
v0x7f8fe2f30330_0 .net "write_ptr_grey_next", 3 0, L_0x7f8fe2f35b40;  1 drivers
v0x7f8fe2f303c0_0 .net "write_ptr_next", 3 0, L_0x7f8fe2f35450;  1 drivers
v0x7f8fe2f30470_0 .net "write_reset", 0 0, o0x7f8fd80080c8;  alias, 0 drivers
L_0x7f8fe2f35310 .concat [ 1 3 0 0], L_0x7f8fe2f35260, L_0x7f8fd8040008;
L_0x7f8fe2f35450 .arith/sum 4, v0x7f8fe2f301e0_0, L_0x7f8fe2f35310;
L_0x7f8fe2f355d0 .part v0x7f8fe2f301e0_0, 0, 3;
S_0x7f8fe2f2ee50 .scope module, "W1" "B_G" 2 181, 2 202 0, S_0x7f8fe2f2eaa0;
 .timescale 0 0;
    .port_info 0 /INPUT 4 "binary";
    .port_info 1 /OUTPUT 4 "grey";
P_0x7f8fe2f2f010 .param/l "Addresswidth" 0 2 202, +C4<00000000000000000000000000000011>;
L_0x7f8fe2f35870 .functor XOR 4, v0x7f8fe2f301e0_0, L_0x7f8fe2f35790, C4<0000>, C4<0000>;
v0x7f8fe2f2f0d0_0 .net *"_ivl_0", 3 0, L_0x7f8fe2f35790;  1 drivers
v0x7f8fe2f2f190_0 .net *"_ivl_2", 2 0, L_0x7f8fe2f35670;  1 drivers
L_0x7f8fd8040050 .functor BUFT 1, C4<0>, C4<0>, C4<0>, C4<0>;
v0x7f8fe2f2f230_0 .net *"_ivl_4", 0 0, L_0x7f8fd8040050;  1 drivers
v0x7f8fe2f2f2c0_0 .net "binary", 3 0, v0x7f8fe2f301e0_0;  1 drivers
v0x7f8fe2f2f350_0 .net "grey", 3 0, L_0x7f8fe2f35870;  alias, 1 drivers
L_0x7f8fe2f35670 .part v0x7f8fe2f301e0_0, 1, 3;
L_0x7f8fe2f35790 .concat [ 3 1 0 0], L_0x7f8fe2f35670, L_0x7f8fd8040050;
S_0x7f8fe2f2f450 .scope module, "W2" "B_G" 2 182, 2 202 0, S_0x7f8fe2f2eaa0;
 .timescale 0 0;
    .port_info 0 /INPUT 4 "binary";
    .port_info 1 /OUTPUT 4 "grey";
P_0x7f8fe2f2f610 .param/l "Addresswidth" 0 2 202, +C4<00000000000000000000000000000011>;
L_0x7f8fe2f35b40 .functor XOR 4, L_0x7f8fe2f35450, L_0x7f8fe2f359e0, C4<0000>, C4<0000>;
v0x7f8fe2f2f740_0 .net *"_ivl_0", 3 0, L_0x7f8fe2f359e0;  1 drivers
v0x7f8fe2f2f800_0 .net *"_ivl_2", 2 0, L_0x7f8fe2f35920;  1 drivers
L_0x7f8fd8040098 .functor BUFT 1, C4<0>, C4<0>, C4<0>, C4<0>;
v0x7f8fe2f2f8a0_0 .net *"_ivl_4", 0 0, L_0x7f8fd8040098;  1 drivers
v0x7f8fe2f2f930_0 .net "binary", 3 0, L_0x7f8fe2f35450;  alias, 1 drivers
v0x7f8fe2f2f9c0_0 .net "grey", 3 0, L_0x7f8fe2f35b40;  alias, 1 drivers
L_0x7f8fe2f35920 .part L_0x7f8fe2f35450, 1, 3;
L_0x7f8fe2f359e0 .concat [ 3 1 0 0], L_0x7f8fe2f35920, L_0x7f8fd8040098;
S_0x7f8fe2f305a0 .scope module, "I3" "write_ptr_sync" 2 49, 2 211 0, S_0x7f8fe2f1e8c0;
 .timescale 0 0;
    .port_info 0 /INPUT 4 "write_ptr_grey";
    .port_info 1 /INPUT 1 "read_clk";
    .port_info 2 /INPUT 1 "read_reset";
    .port_info 3 /OUTPUT 4 "write_ptr_grey_sync";
P_0x7f8fe2f2ed60 .param/l "Addresswidth" 0 2 212, +C4<00000000000000000000000000000011>;
v0x7f8fe2f31650_0 .net "read_clk", 0 0, o0x7f8fd8008908;  alias, 0 drivers
v0x7f8fe2f31730_0 .net "read_reset", 0 0, o0x7f8fd8008998;  alias, 0 drivers
v0x7f8fe2f31800_0 .net "t1", 3 0, L_0x7f8fe2f35d60;  1 drivers
v0x7f8fe2f318d0_0 .net "write_ptr_grey", 3 0, L_0x7f8fe2f35870;  alias, 1 drivers
v0x7f8fe2f31960_0 .net "write_ptr_grey_sync", 3 0, L_0x7f8fe2f35dd0;  alias, 1 drivers
S_0x7f8fe2f308e0 .scope module, "S1" "D_ff" 2 224, 2 122 0, S_0x7f8fe2f305a0;
 .timescale 0 0;
    .port_info 0 /INPUT 1 "clk";
    .port_info 1 /INPUT 1 "reset";
    .port_info 2 /INPUT 4 "d";
    .port_info 3 /OUTPUT 4 "q";
P_0x7f8fe2f30aa0 .param/l "Addresswidth" 0 2 123, +C4<00000000000000000000000000000011>;
L_0x7f8fe2f35d60 .functor BUFZ 4, v0x7f8fe2f30e00_0, C4<0000>, C4<0000>, C4<0000>;
v0x7f8fe2f30c20_0 .net "clk", 0 0, o0x7f8fd8008908;  alias, 0 drivers
v0x7f8fe2f30cd0_0 .net "d", 3 0, L_0x7f8fe2f35870;  alias, 1 drivers
v0x7f8fe2f30d70_0 .net "q", 3 0, L_0x7f8fe2f35d60;  alias, 1 drivers
v0x7f8fe2f30e00_0 .var "q_reg", 3 0;
v0x7f8fe2f30e90_0 .net "reset", 0 0, o0x7f8fd8008998;  alias, 0 drivers
E_0x7f8fe2f30bc0 .event posedge, v0x7f8fe2f30e90_0, v0x7f8fe2f30c20_0;
S_0x7f8fe2f30fa0 .scope module, "S2" "D_ff" 2 231, 2 122 0, S_0x7f8fe2f305a0;
 .timescale 0 0;
    .port_info 0 /INPUT 1 "clk";
    .port_info 1 /INPUT 1 "reset";
    .port_info 2 /INPUT 4 "d";
    .port_info 3 /OUTPUT 4 "q";
P_0x7f8fe2f31170 .param/l "Addresswidth" 0 2 123, +C4<00000000000000000000000000000011>;
L_0x7f8fe2f35dd0 .functor BUFZ 4, v0x7f8fe2f314c0_0, C4<0000>, C4<0000>, C4<0000>;
v0x7f8fe2f312f0_0 .net "clk", 0 0, o0x7f8fd8008908;  alias, 0 drivers
v0x7f8fe2f313a0_0 .net "d", 3 0, L_0x7f8fe2f35d60;  alias, 1 drivers
v0x7f8fe2f31430_0 .net "q", 3 0, L_0x7f8fe2f35dd0;  alias, 1 drivers
v0x7f8fe2f314c0_0 .var "q_reg", 3 0;
v0x7f8fe2f31550_0 .net "reset", 0 0, o0x7f8fd8008998;  alias, 0 drivers
S_0x7f8fe2f31a40 .scope module, "I4" "fifo_read_domain" 2 59, 2 244 0, S_0x7f8fe2f1e8c0;
 .timescale 0 0;
    .port_info 0 /INPUT 4 "write_ptr_grey_sync";
    .port_info 1 /INPUT 1 "read_clk";
    .port_info 2 /INPUT 1 "read_reset";
    .port_info 3 /INPUT 1 "read_enable";
    .port_info 4 /OUTPUT 3 "read_address";
    .port_info 5 /OUTPUT 4 "read_ptr_grey";
    .port_info 6 /OUTPUT 1 "empty";
P_0x7f8fe2f31c00 .param/l "Addresswidth" 0 2 245, +C4<00000000000000000000000000000011>;
L_0x7f8fe2f35ec0 .functor NOT 1, v0x7f8fe2f32d40_0, C4<0>, C4<0>, C4<0>;
L_0x7f8fe2f35f30 .functor AND 1, o0x7f8fd8008ff8, L_0x7f8fe2f35ec0, C4<1>, C4<1>;
v0x7f8fe2f32aa0_0 .net *"_ivl_0", 0 0, L_0x7f8fe2f35ec0;  1 drivers
v0x7f8fe2f32b30_0 .net *"_ivl_4", 3 0, L_0x7f8fe2f35fe0;  1 drivers
L_0x7f8fd80400e0 .functor BUFT 1, C4<000>, C4<0>, C4<0>, C4<0>;
v0x7f8fe2f32be0_0 .net *"_ivl_7", 2 0, L_0x7f8fd80400e0;  1 drivers
v0x7f8fe2f32ca0_0 .net "empty", 0 0, v0x7f8fe2f32d40_0;  alias, 1 drivers
v0x7f8fe2f32d40_0 .var "empty_reg", 0 0;
v0x7f8fe2f32e20_0 .net "read_address", 2 0, L_0x7f8fe2f362a0;  alias, 1 drivers
v0x7f8fe2f32ed0_0 .net "read_clk", 0 0, o0x7f8fd8008908;  alias, 0 drivers
v0x7f8fe2f32f60_0 .net "read_enable", 0 0, o0x7f8fd8008ff8;  alias, 0 drivers
v0x7f8fe2f33000_0 .net "read_inc", 0 0, L_0x7f8fe2f35f30;  1 drivers
v0x7f8fe2f33110_0 .var "read_ptr", 3 0;
v0x7f8fe2f331c0_0 .net "read_ptr_grey", 3 0, L_0x7f8fe2f36580;  alias, 1 drivers
v0x7f8fe2f33250_0 .net "read_ptr_grey_next", 3 0, L_0x7f8fe2f36810;  1 drivers
v0x7f8fe2f332e0_0 .net "read_ptr_next", 3 0, L_0x7f8fe2f36120;  1 drivers
v0x7f8fe2f33390_0 .net "read_reset", 0 0, o0x7f8fd8008998;  alias, 0 drivers
v0x7f8fe2f33420_0 .net "write_ptr_grey_sync", 3 0, L_0x7f8fe2f35dd0;  alias, 1 drivers
L_0x7f8fe2f35fe0 .concat [ 1 3 0 0], L_0x7f8fe2f35f30, L_0x7f8fd80400e0;
L_0x7f8fe2f36120 .arith/sum 4, v0x7f8fe2f33110_0, L_0x7f8fe2f35fe0;
L_0x7f8fe2f362a0 .part v0x7f8fe2f33110_0, 0, 3;
S_0x7f8fe2f31df0 .scope module, "R1" "B_G" 2 274, 2 202 0, S_0x7f8fe2f31a40;
 .timescale 0 0;
    .port_info 0 /INPUT 4 "binary";
    .port_info 1 /OUTPUT 4 "grey";
P_0x7f8fe2f31fc0 .param/l "Addresswidth" 0 2 202, +C4<00000000000000000000000000000011>;
L_0x7f8fe2f36580 .functor XOR 4, v0x7f8fe2f33110_0, L_0x7f8fe2f36460, C4<0000>, C4<0000>;
v0x7f8fe2f320a0_0 .net *"_ivl_0", 3 0, L_0x7f8fe2f36460;  1 drivers
v0x7f8fe2f32160_0 .net *"_ivl_2", 2 0, L_0x7f8fe2f36340;  1 drivers
L_0x7f8fd8040128 .functor BUFT 1, C4<0>, C4<0>, C4<0>, C4<0>;
v0x7f8fe2f32200_0 .net *"_ivl_4", 0 0, L_0x7f8fd8040128;  1 drivers
v0x7f8fe2f32290_0 .net "binary", 3 0, v0x7f8fe2f33110_0;  1 drivers
v0x7f8fe2f32320_0 .net "grey", 3 0, L_0x7f8fe2f36580;  alias, 1 drivers
L_0x7f8fe2f36340 .part v0x7f8fe2f33110_0, 1, 3;
L_0x7f8fe2f36460 .concat [ 3 1 0 0], L_0x7f8fe2f36340, L_0x7f8fd8040128;
S_0x7f8fe2f32430 .scope module, "R2" "B_G" 2 275, 2 202 0, S_0x7f8fe2f31a40;
 .timescale 0 0;
    .port_info 0 /INPUT 4 "binary";
    .port_info 1 /OUTPUT 4 "grey";
P_0x7f8fe2f325f0 .param/l "Addresswidth" 0 2 202, +C4<00000000000000000000000000000011>;
L_0x7f8fe2f36810 .functor XOR 4, L_0x7f8fe2f36120, L_0x7f8fe2f366d0, C4<0000>, C4<0000>;
v0x7f8fe2f32720_0 .net *"_ivl_0", 3 0, L_0x7f8fe2f366d0;  1 drivers
v0x7f8fe2f327e0_0 .net *"_ivl_2", 2 0, L_0x7f8fe2f36630;  1 drivers
L_0x7f8fd8040170 .functor BUFT 1, C4<0>, C4<0>, C4<0>, C4<0>;
v0x7f8fe2f32880_0 .net *"_ivl_4", 0 0, L_0x7f8fd8040170;  1 drivers
v0x7f8fe2f32910_0 .net "binary", 3 0, L_0x7f8fe2f36120;  alias, 1 drivers
v0x7f8fe2f329a0_0 .net "grey", 3 0, L_0x7f8fe2f36810;  alias, 1 drivers
L_0x7f8fe2f36630 .part L_0x7f8fe2f36120, 1, 3;
L_0x7f8fe2f366d0 .concat [ 3 1 0 0], L_0x7f8fe2f36630, L_0x7f8fd8040170;
S_0x7f8fe2f33590 .scope module, "I5" "fifo_memory" 2 74, 2 296 0, S_0x7f8fe2f1e8c0;
 .timescale 0 0;
    .port_info 0 /INPUT 1 "write_clk";
    .port_info 1 /INPUT 1 "read_clk";
    .port_info 2 /INPUT 1 "write_enable";
    .port_info 3 /INPUT 1 "read_enable";
    .port_info 4 /INPUT 8 "write_data";
    .port_info 5 /INPUT 3 "write_address";
    .port_info 6 /INPUT 3 "read_address";
    .port_info 7 /INPUT 1 "full";
    .port_info 8 /OUTPUT 8 "read_data";
P_0x7f8fe2f33750 .param/l "Addresswidth" 0 2 298, +C4<00000000000000000000000000000011>;
P_0x7f8fe2f33790 .param/l "Datawidth" 0 2 297, +C4<00000000000000000000000000001000>;
P_0x7f8fe2f337d0 .param/l "depth" 1 2 313, +C4<00000000000000000000000000000001000>;
L_0x7f8fe2f369b0 .functor BUFZ 8, v0x7f8fe2f33eb0_0, C4<00000000>, C4<00000000>, C4<00000000>;
v0x7f8fe2f33950_0 .net "full", 0 0, v0x7f8fe2f2fd60_0;  alias, 1 drivers
v0x7f8fe2f33ba0 .array "memory", 7 0, 7 0;
v0x7f8fe2f33c30_0 .net "read_address", 2 0, L_0x7f8fe2f362a0;  alias, 1 drivers
v0x7f8fe2f33d00_0 .net "read_clk", 0 0, o0x7f8fd8008908;  alias, 0 drivers
v0x7f8fe2f33e10_0 .net "read_data", 7 0, L_0x7f8fe2f369b0;  alias, 1 drivers
v0x7f8fe2f33eb0_0 .var "read_data_reg", 7 0;
v0x7f8fe2f33f60_0 .net "read_enable", 0 0, o0x7f8fd8008ff8;  alias, 0 drivers
v0x7f8fe2f33ff0_0 .net "write_address", 2 0, L_0x7f8fe2f355d0;  alias, 1 drivers
v0x7f8fe2f340a0_0 .net "write_clk", 0 0, o0x7f8fd8008008;  alias, 0 drivers
v0x7f8fe2f34230_0 .net "write_data", 7 0, o0x7f8fd8009208;  alias, 0 drivers
v0x7f8fe2f342c0_0 .net "write_enable", 0 0, o0x7f8fd8008758;  alias, 0 drivers
E_0x7f8fe2f33af0 .event posedge, v0x7f8fe2f1e550_0;
E_0x7f8fe2f33b30 .event posedge, v0x7f8fe2f30c20_0;
    .scope S_0x7f8fe2f19f90;
T_0 ;
    %wait E_0x7f8fe2f1e470;
    %load/vec4 v0x7f8fe2f2dec0_0;
    %flag_set/vec4 8;
    %jmp/0xz  T_0.0, 8;
    %pushi/vec4 0, 0, 4;
    %assign/vec4 v0x7f8fe2f2de30_0, 0;
    %jmp T_0.1;
T_0.0 ;
    %load/vec4 v0x7f8fe2f2dd00_0;
    %assign/vec4 v0x7f8fe2f2de30_0, 0;
T_0.1 ;
    %jmp T_0;
    .thread T_0;
    .scope S_0x7f8fe2f2dfc0;
T_1 ;
    %wait E_0x7f8fe2f1e470;
    %load/vec4 v0x7f8fe2f2e570_0;
    %flag_set/vec4 8;
    %jmp/0xz  T_1.0, 8;
    %pushi/vec4 0, 0, 4;
    %assign/vec4 v0x7f8fe2f2e4e0_0, 0;
    %jmp T_1.1;
T_1.0 ;
    %load/vec4 v0x7f8fe2f2e3c0_0;
    %assign/vec4 v0x7f8fe2f2e4e0_0, 0;
T_1.1 ;
    %jmp T_1;
    .thread T_1;
    .scope S_0x7f8fe2f2eaa0;
T_2 ;
    %wait E_0x7f8fe2f1e470;
    %load/vec4 v0x7f8fe2f30470_0;
    %flag_set/vec4 8;
    %jmp/0xz  T_2.0, 8;
    %pushi/vec4 0, 0, 4;
    %assign/vec4 v0x7f8fe2f301e0_0, 0;
    %jmp T_2.1;
T_2.0 ;
    %load/vec4 v0x7f8fe2f303c0_0;
    %assign/vec4 v0x7f8fe2f301e0_0, 0;
T_2.1 ;
    %jmp T_2;
    .thread T_2;
    .scope S_0x7f8fe2f2eaa0;
T_3 ;
    %wait E_0x7f8fe2f1e470;
    %load/vec4 v0x7f8fe2f30470_0;
    %flag_set/vec4 8;
    %jmp/0xz  T_3.0, 8;
    %pushi/vec4 0, 0, 1;
    %assign/vec4 v0x7f8fe2f2fd60_0, 0;
    %jmp T_3.1;
T_3.0 ;
    %load/vec4 v0x7f8fe2f30330_0;
    %load/vec4 v0x7f8fe2f2fe40_0;
    %parti/s 2, 2, 3;
    %inv;
    %load/vec4 v0x7f8fe2f2fe40_0;
    %parti/s 2, 0, 2;
    %concat/vec4; draw_concat_vec4
    %cmp/e;
    %flag_get/vec4 4;
    %assign/vec4 v0x7f8fe2f2fd60_0, 0;
T_3.1 ;
    %jmp T_3;
    .thread T_3;
    .scope S_0x7f8fe2f308e0;
T_4 ;
    %wait E_0x7f8fe2f30bc0;
    %load/vec4 v0x7f8fe2f30e90_0;
    %flag_set/vec4 8;
    %jmp/0xz  T_4.0, 8;
    %pushi/vec4 0, 0, 4;
    %assign/vec4 v0x7f8fe2f30e00_0, 0;
    %jmp T_4.1;
T_4.0 ;
    %load/vec4 v0x7f8fe2f30cd0_0;
    %assign/vec4 v0x7f8fe2f30e00_0, 0;
T_4.1 ;
    %jmp T_4;
    .thread T_4;
    .scope S_0x7f8fe2f30fa0;
T_5 ;
    %wait E_0x7f8fe2f30bc0;
    %load/vec4 v0x7f8fe2f31550_0;
    %flag_set/vec4 8;
    %jmp/0xz  T_5.0, 8;
    %pushi/vec4 0, 0, 4;
    %assign/vec4 v0x7f8fe2f314c0_0, 0;
    %jmp T_5.1;
T_5.0 ;
    %load/vec4 v0x7f8fe2f313a0_0;
    %assign/vec4 v0x7f8fe2f314c0_0, 0;
T_5.1 ;
    %jmp T_5;
    .thread T_5;
    .scope S_0x7f8fe2f31a40;
T_6 ;
    %wait E_0x7f8fe2f30bc0;
    %load/vec4 v0x7f8fe2f33390_0;
    %flag_set/vec4 8;
    %jmp/0xz  T_6.0, 8;
    %pushi/vec4 0, 0, 4;
    %assign/vec4 v0x7f8fe2f33110_0, 0;
    %jmp T_6.1;
T_6.0 ;
    %load/vec4 v0x7f8fe2f332e0_0;
    %assign/vec4 v0x7f8fe2f33110_0, 0;
T_6.1 ;
    %jmp T_6;
    .thread T_6;
    .scope S_0x7f8fe2f31a40;
T_7 ;
    %wait E_0x7f8fe2f30bc0;
    %load/vec4 v0x7f8fe2f33390_0;
    %flag_set/vec4 8;
    %jmp/0xz  T_7.0, 8;
    %pushi/vec4 1, 0, 1;
    %assign/vec4 v0x7f8fe2f32d40_0, 0;
    %jmp T_7.1;
T_7.0 ;
    %load/vec4 v0x7f8fe2f33250_0;
    %load/vec4 v0x7f8fe2f33420_0;
    %cmp/e;
    %flag_get/vec4 4;
    %assign/vec4 v0x7f8fe2f32d40_0, 0;
T_7.1 ;
    %jmp T_7;
    .thread T_7;
    .scope S_0x7f8fe2f33590;
T_8 ;
    %wait E_0x7f8fe2f33b30;
    %load/vec4 v0x7f8fe2f33f60_0;
    %flag_set/vec4 8;
    %jmp/0xz  T_8.0, 8;
    %load/vec4 v0x7f8fe2f33c30_0;
    %pad/u 5;
    %ix/vec4 4;
    %load/vec4a v0x7f8fe2f33ba0, 4;
    %store/vec4 v0x7f8fe2f33eb0_0, 0, 8;
T_8.0 ;
    %jmp T_8;
    .thread T_8;
    .scope S_0x7f8fe2f33590;
T_9 ;
    %wait E_0x7f8fe2f33af0;
    %load/vec4 v0x7f8fe2f342c0_0;
    %flag_set/vec4 9;
    %flag_get/vec4 9;
    %jmp/0 T_9.2, 9;
    %load/vec4 v0x7f8fe2f33950_0;
    %nor/r;
    %and;
T_9.2;
    %flag_set/vec4 8;
    %jmp/0xz  T_9.0, 8;
    %load/vec4 v0x7f8fe2f34230_0;
    %load/vec4 v0x7f8fe2f33ff0_0;
    %pad/u 5;
    %ix/vec4 3;
    %ix/load 4, 0, 0; Constant delay
    %assign/vec4/a/d v0x7f8fe2f33ba0, 0, 4;
T_9.0 ;
    %jmp T_9;
    .thread T_9;
# The file index is used to find the file name in the following table.
:file_names 3;
    "N/A";
    "<interactive>";
    "fifo_top.v";
